<?xml version="1.0" encoding="UTF-8"?>
<testsuite xmlns:xsi="http://www.w3.org/2001/XMLSchema-instance" xsi:noNamespaceSchemaLocation="https://maven.apache.org/surefire/maven-surefire-plugin/xsd/surefire-test-report-3.0.xsd" version="3.0" name="com.ayaanalam.journalapp.service.UserServiceTest" time="0.008" tests="3" errors="0" skipped="3" failures="0">
  <properties>
[...]
</properties>
  <testcase name="test(int, int, int)" classname="com.ayaanalam.journalapp.service.UserServiceTest" time="0.0">
    <skipped message="public void com.ayaanalam.journalapp.service.UserServiceTest.test(int,int,int) is @Disabled"/>
    <system-out><![CDATA[23:06:08.843 [main] INFO  o.s.t.c.s.AnnotationConfigContextLoaderUtils ------ Could not detect default configuration classes for test class [com.ayaanalam.journalapp.service.UserServiceTest]: UserServiceTest does not declare any static, non-private, non-final, nested classes annotated with @Configuration.    
23:06:08.847 [main] INFO  o.s.b.t.c.SpringBootTestContextBootstrapper ------ Found @SpringBootConfiguration com.ayaanalam.journalapp.JournalApplication for test class com.ayaanalam.journalapp.service.UserServiceTest    
]]></system-out>
  </testcase>
  <testcase name="testFindByUserName" classname="com.ayaanalam.journalapp.service.UserServiceTest" time="0.0">
    <skipped message="public void com.ayaanalam.journalapp.service.UserServiceTest.testFindByUserName() is @Disabled"/>
  </testcase>
  <testcase name="testSaveNewUser(User)" classname="com.ayaanalam.journalapp.service.UserServiceTest" time="0.0">
    <skipped message="public void com.ayaanalam.journalapp.service.UserServiceTest.testSaveNewUser(com.ayaanalam.journalapp.entity.User) is @Disabled"/>
  </testcase>
</testsuite>