<?xml version="1.0" encoding="UTF-8"?>
<testsuite xmlns:xsi="http://www.w3.org/2001/XMLSchema-instance" xsi:noNamespaceSchemaLocation="https://maven.apache.org/surefire/maven-surefire-plugin/xsd/surefire-test-report-3.0.xsd" version="3.0" name="com.ayaanalam.journalapp.service.UserServiceTest" time="3.573" tests="3" errors="0" skipped="3" failures="0">
  <properties>
[...]
</properties>
  <testcase name="test(int, int, int)" classname="com.ayaanalam.journalapp.service.UserServiceTest" time="0.0">
    <skipped message="public void com.ayaanalam.journalapp.service.UserServiceTest.test(int,int,int) is @Disabled"/>
    <system-out><![CDATA[15:24:51.139 [main] INFO  o.s.t.c.s.AnnotationConfigContextLoaderUtils ------ Could not detect default configuration classes for test class [com.ayaanalam.journalapp.service.UserServiceTest]: UserServiceTest does not declare any static, non-private, non-final, nested classes annotated with @Configuration.    
15:24:51.236 [main] INFO  o.s.b.t.c.SpringBootTestContextBootstrapper ------ Found @SpringBootConfiguration com.ayaanalam.journalapp.JournalApplication for test class com.ayaanalam.journalapp.service.UserServiceTest    
]]></system-out>
  </testcase>
  <testcase name="testFindByUserName" classname="com.ayaanalam.journalapp.service.UserServiceTest" time="0.0">
    <skipped message="public void com.ayaanalam.journalapp.service.UserServiceTest.testFindByUserName() is @Disabled"/>
    <system-out><![CDATA[15:24:51.350 [main] INFO  o.s.b.d.r.RestartApplicationListener ------ Restart disabled due to context in which it is running    

  .   ____          _            __ _ _
 /\\ / ___'_ __ _ _(_)_ __  __ _ \ \ \ \
( ( )\___ | '_ | '_| | '_ \/ _` | \ \ \ \
 \\/  ___)| |_)| | | | | || (_| |  ) ) ) )
  '  |____| .__|_| |_|_| |_\__, | / / / /
 =========|_|==============|___/=/_/_/_/

 :: Spring Boot ::                (v3.3.6)

15:24:51.577 [main] INFO  c.a.j.service.UserServiceTest ------ Starting UserServiceTest using Java 17.0.12 with PID 23904 (started by AYAAN ALAM in D:\Course Work\SpringBoot Learning\journalapp)    
15:24:51.578 [main] INFO  c.a.j.service.UserServiceTest ------ The following 1 profile is active: "dev"    
15:24:52.274 [main] INFO  o.s.d.r.c.RepositoryConfigurationDelegate ------ Bootstrapping Spring Data MongoDB repositories in DEFAULT mode.    
15:24:52.323 [main] INFO  o.s.d.r.c.RepositoryConfigurationDelegate ------ Finished Spring Data repository scanning in 44 ms. Found 2 MongoDB repository interfaces.    
15:24:52.843 [cluster-ClusterId{value='6769336c242db76e5362ff2c', description='Cluster0'}-srv-cluster0.i9xgd.mongodb.net] INFO  org.mongodb.driver.cluster ------ Adding discovered server cluster0-shard-00-00.i9xgd.mongodb.net:27017 to client view of cluster    
15:24:52.858 [main] INFO  org.mongodb.driver.client ------ MongoClient with metadata {"application": {"name": "Cluster0"}, "driver": {"name": "mongo-java-driver|sync|spring-boot", "version": "5.0.1"}, "os": {"type": "Windows", "name": "Windows 11", "architecture": "amd64", "version": "10.0"}, "platform": "Java/Oracle Corporation/17.0.12+8-LTS-286"} created with settings MongoClientSettings{readPreference=primary, writeConcern=WriteConcern{w=majority, wTimeout=null ms, journal=null}, retryWrites=true, retryReads=true, readConcern=ReadConcern{level=null}, credential=MongoCredential{mechanism=null, userName='ayaanmongoDB', source='admin', password=<hidden>, mechanismProperties=<hidden>}, transportSettings=null, commandListeners=[io.micrometer.core.instrument.binder.mongodb.MongoMetricsCommandListener@394fb736], codecRegistry=ProvidersCodecRegistry{codecProviders=[ValueCodecProvider{}, BsonValueCodecProvider{}, DBRefCodecProvider{}, DBObjectCodecProvider{}, DocumentCodecProvider{}, CollectionCodecProvider{}, IterableCodecProvider{}, MapCodecProvider{}, GeoJsonCodecProvider{}, GridFSFileCodecProvider{}, Jsr310CodecProvider{}, JsonObjectCodecProvider{}, BsonCodecProvider{}, EnumCodecProvider{}, com.mongodb.client.model.mql.ExpressionCodecProvider@3070f3e6, com.mongodb.Jep395RecordCodecProvider@3271ec2a, com.mongodb.KotlinCodecProvider@52bba91a]}, loggerSettings=LoggerSettings{maxDocumentLength=1000}, clusterSettings={hosts=[127.0.0.1:27017], srvHost=cluster0.i9xgd.mongodb.net, srvServiceName=mongodb, mode=MULTIPLE, requiredClusterType=REPLICA_SET, requiredReplicaSetName='atlas-n0fq1s-shard-0', serverSelector='null', clusterListeners='[]', serverSelectionTimeout='30000 ms', localThreshold='15 ms'}, socketSettings=SocketSettings{connectTimeoutMS=10000, readTimeoutMS=0, receiveBufferSize=0, proxySettings=ProxySettings{host=null, port=null, username=null, password=null}}, heartbeatSocketSettings=SocketSettings{connectTimeoutMS=10000, readTimeoutMS=10000, receiveBufferSize=0, proxySettings=ProxySettings{host=null, port=null, username=null, password=null}}, connectionPoolSettings=ConnectionPoolSettings{maxSize=100, minSize=0, maxWaitTimeMS=120000, maxConnectionLifeTimeMS=0, maxConnectionIdleTimeMS=0, maintenanceInitialDelayMS=0, maintenanceFrequencyMS=60000, connectionPoolListeners=[io.micrometer.core.instrument.binder.mongodb.MongoMetricsConnectionPoolListener@1689527c], maxConnecting=2}, serverSettings=ServerSettings{heartbeatFrequencyMS=10000, minHeartbeatFrequencyMS=500, serverListeners='[]', serverMonitorListeners='[]'}, sslSettings=SslSettings{enabled=true, invalidHostNameAllowed=false, context=null}, applicationName='Cluster0', compressorList=[], uuidRepresentation=JAVA_LEGACY, serverApi=null, autoEncryptionSettings=null, dnsClient=null, inetAddressResolver=null, contextProvider=null}    
15:24:52.878 [cluster-ClusterId{value='6769336c242db76e5362ff2c', description='Cluster0'}-srv-cluster0.i9xgd.mongodb.net] INFO  org.mongodb.driver.cluster ------ Adding discovered server cluster0-shard-00-01.i9xgd.mongodb.net:27017 to client view of cluster    
15:24:52.882 [cluster-ClusterId{value='6769336c242db76e5362ff2c', description='Cluster0'}-srv-cluster0.i9xgd.mongodb.net] INFO  org.mongodb.driver.cluster ------ Adding discovered server cluster0-shard-00-02.i9xgd.mongodb.net:27017 to client view of cluster    
15:24:53.136 [main] INFO  org.mongodb.driver.cluster ------ Waiting for server to become available for operation with ID 7. Remaining time: 30000 ms. Selector: WritableServerSelector, topology description: {type=REPLICA_SET, servers=[{address=cluster0-shard-00-00.i9xgd.mongodb.net:27017, type=UNKNOWN, state=CONNECTING}, {address=cluster0-shard-00-02.i9xgd.mongodb.net:27017, type=UNKNOWN, state=CONNECTING}, {address=cluster0-shard-00-01.i9xgd.mongodb.net:27017, type=UNKNOWN, state=CONNECTING}].    
15:24:53.319 [cluster-ClusterId{value='6769336c242db76e5362ff2c', description='Cluster0'}-cluster0-shard-00-00.i9xgd.mongodb.net:27017] INFO  org.mongodb.driver.cluster ------ Monitor thread successfully connected to server with description ServerDescription{address=cluster0-shard-00-00.i9xgd.mongodb.net:27017, type=REPLICA_SET_SECONDARY, state=CONNECTED, ok=true, minWireVersion=0, maxWireVersion=25, maxDocumentSize=16777216, logicalSessionTimeoutMinutes=30, roundTripTimeNanos=228262300, setName='atlas-n0fq1s-shard-0', canonicalAddress=cluster0-shard-00-00.i9xgd.mongodb.net:27017, hosts=[cluster0-shard-00-02.i9xgd.mongodb.net:27017, cluster0-shard-00-00.i9xgd.mongodb.net:27017, cluster0-shard-00-01.i9xgd.mongodb.net:27017], passives=[], arbiters=[], primary='cluster0-shard-00-02.i9xgd.mongodb.net:27017', tagSet=TagSet{[Tag{name='availabilityZone', value='aps1-az1'}, Tag{name='diskState', value='READY'}, Tag{name='nodeType', value='ELECTABLE'}, Tag{name='provider', value='AWS'}, Tag{name='region', value='AP_SOUTH_1'}, Tag{name='workloadType', value='OPERATIONAL'}]}, electionId=null, setVersion=136, topologyVersion=TopologyVersion{processId=67666c46e0a2277fc05938ce, counter=4}, lastWriteDate=Mon Dec 23 15:24:51 IST 2024, lastUpdateTimeNanos=9360105532900}    
15:24:53.326 [cluster-ClusterId{value='6769336c242db76e5362ff2c', description='Cluster0'}-cluster0-shard-00-01.i9xgd.mongodb.net:27017] INFO  org.mongodb.driver.cluster ------ Monitor thread successfully connected to server with description ServerDescription{address=cluster0-shard-00-01.i9xgd.mongodb.net:27017, type=REPLICA_SET_SECONDARY, state=CONNECTED, ok=true, minWireVersion=0, maxWireVersion=25, maxDocumentSize=16777216, logicalSessionTimeoutMinutes=30, roundTripTimeNanos=218694100, setName='atlas-n0fq1s-shard-0', canonicalAddress=cluster0-shard-00-01.i9xgd.mongodb.net:27017, hosts=[cluster0-shard-00-02.i9xgd.mongodb.net:27017, cluster0-shard-00-00.i9xgd.mongodb.net:27017, cluster0-shard-00-01.i9xgd.mongodb.net:27017], passives=[], arbiters=[], primary='cluster0-shard-00-02.i9xgd.mongodb.net:27017', tagSet=TagSet{[Tag{name='availabilityZone', value='aps1-az3'}, Tag{name='diskState', value='READY'}, Tag{name='nodeType', value='ELECTABLE'}, Tag{name='provider', value='AWS'}, Tag{name='region', value='AP_SOUTH_1'}, Tag{name='workloadType', value='OPERATIONAL'}]}, electionId=null, setVersion=136, topologyVersion=TopologyVersion{processId=67666d96b145309632b449fc, counter=3}, lastWriteDate=Mon Dec 23 15:24:51 IST 2024, lastUpdateTimeNanos=9360115270600}    
15:24:53.328 [cluster-ClusterId{value='6769336c242db76e5362ff2c', description='Cluster0'}-cluster0-shard-00-02.i9xgd.mongodb.net:27017] INFO  org.mongodb.driver.cluster ------ Monitor thread successfully connected to server with description ServerDescription{address=cluster0-shard-00-02.i9xgd.mongodb.net:27017, type=REPLICA_SET_PRIMARY, state=CONNECTED, ok=true, minWireVersion=0, maxWireVersion=25, maxDocumentSize=16777216, logicalSessionTimeoutMinutes=30, roundTripTimeNanos=220683000, setName='atlas-n0fq1s-shard-0', canonicalAddress=cluster0-shard-00-02.i9xgd.mongodb.net:27017, hosts=[cluster0-shard-00-02.i9xgd.mongodb.net:27017, cluster0-shard-00-00.i9xgd.mongodb.net:27017, cluster0-shard-00-01.i9xgd.mongodb.net:27017], passives=[], arbiters=[], primary='cluster0-shard-00-02.i9xgd.mongodb.net:27017', tagSet=TagSet{[Tag{name='availabilityZone', value='aps1-az2'}, Tag{name='diskState', value='READY'}, Tag{name='nodeType', value='ELECTABLE'}, Tag{name='provider', value='AWS'}, Tag{name='region', value='AP_SOUTH_1'}, Tag{name='workloadType', value='OPERATIONAL'}]}, electionId=7fffffff000000000000007e, setVersion=136, topologyVersion=TopologyVersion{processId=67666b70e654e17bcfb6845b, counter=6}, lastWriteDate=Mon Dec 23 15:24:51 IST 2024, lastUpdateTimeNanos=9360117235500}    
15:24:53.328 [cluster-ClusterId{value='6769336c242db76e5362ff2c', description='Cluster0'}-cluster0-shard-00-02.i9xgd.mongodb.net:27017] INFO  org.mongodb.driver.cluster ------ Discovered replica set primary cluster0-shard-00-02.i9xgd.mongodb.net:27017 with max election id 7fffffff000000000000007e and max set version 136    
15:24:53.801 [main] WARN  o.s.s.c.a.a.c.InitializeUserDetailsBeanManagerConfigurer$InitializeUserDetailsManagerConfigurer ------ Global AuthenticationManager configured with an AuthenticationProvider bean. UserDetailsService beans will not be used for username/password login. Consider removing the AuthenticationProvider bean. Alternatively, consider using the UserDetailsService in a manually instantiated DaoAuthenticationProvider.    
15:24:54.094 [main] INFO  o.s.b.a.e.web.EndpointLinksResolver ------ Exposing 1 endpoint beneath base path '/actuator'    
15:24:54.419 [main] INFO  c.a.j.service.UserServiceTest ------ Started UserServiceTest in 3.077 seconds (process running for 4.004)    
]]></system-out>
  </testcase>
  <testcase name="testSaveNewUser(User)" classname="com.ayaanalam.journalapp.service.UserServiceTest" time="0.0">
    <skipped message="public void com.ayaanalam.journalapp.service.UserServiceTest.testSaveNewUser(com.ayaanalam.journalapp.entity.User) is @Disabled"/>
  </testcase>
</testsuite>