<?xml version="1.0" encoding="UTF-8"?>
<testsuite xmlns:xsi="http://www.w3.org/2001/XMLSchema-instance" xsi:noNamespaceSchemaLocation="https://maven.apache.org/surefire/maven-surefire-plugin/xsd/surefire-test-report-3.0.xsd" version="3.0" name="com.ayaanalam.journalapp.JournalappApplicationTests" time="4.413" tests="1" errors="0" skipped="0" failures="0">
  <properties>
[...]
</properties>
  <testcase name="contextLoads" classname="com.ayaanalam.journalapp.JournalappApplicationTests" time="0.678">
    <system-out><![CDATA[23:06:02.619 [main] INFO  o.s.t.c.s.AnnotationConfigContextLoaderUtils ------ Could not detect default configuration classes for test class [com.ayaanalam.journalapp.JournalappApplicationTests]: JournalappApplicationTests does not declare any static, non-private, non-final, nested classes annotated with @Configuration.    
23:06:02.718 [main] INFO  o.s.b.t.c.SpringBootTestContextBootstrapper ------ Found @SpringBootConfiguration com.ayaanalam.journalapp.JournalApplication for test class com.ayaanalam.journalapp.JournalappApplicationTests    
23:06:02.839 [main] INFO  o.s.b.d.r.RestartApplicationListener ------ Restart disabled due to context in which it is running    

  .   ____          _            __ _ _
 /\\ / ___'_ __ _ _(_)_ __  __ _ \ \ \ \
( ( )\___ | '_ | '_| | '_ \/ _` | \ \ \ \
 \\/  ___)| |_)| | | | | || (_| |  ) ) ) )
  '  |____| .__|_| |_|_| |_\__, | / / / /
 =========|_|==============|___/=/_/_/_/

 :: Spring Boot ::                (v3.3.6)

23:06:03.063 [main] INFO  c.a.j.JournalappApplicationTests ------ Starting JournalappApplicationTests using Java 17.0.12 with PID 16504 (started by AYAAN ALAM in D:\Course Work\SpringBoot Learning\journalapp)    
23:06:03.067 [main] INFO  c.a.j.JournalappApplicationTests ------ The following 1 profile is active: "dev"    
23:06:03.798 [main] INFO  o.s.d.r.c.RepositoryConfigurationDelegate ------ Bootstrapping Spring Data MongoDB repositories in DEFAULT mode.    
23:06:03.859 [main] INFO  o.s.d.r.c.RepositoryConfigurationDelegate ------ Finished Spring Data repository scanning in 56 ms. Found 3 MongoDB repository interfaces.    
23:06:04.367 [main] INFO  org.mongodb.driver.client ------ MongoClient with metadata {"application": {"name": "Cluster0"}, "driver": {"name": "mongo-java-driver|sync|spring-boot", "version": "5.0.1"}, "os": {"type": "Windows", "name": "Windows 11", "architecture": "amd64", "version": "10.0"}, "platform": "Java/Oracle Corporation/17.0.12+8-LTS-286"} created with settings MongoClientSettings{readPreference=primary, writeConcern=WriteConcern{w=majority, wTimeout=null ms, journal=null}, retryWrites=true, retryReads=true, readConcern=ReadConcern{level=null}, credential=MongoCredential{mechanism=null, userName='ayaanmongoDB', source='admin', password=<hidden>, mechanismProperties=<hidden>}, transportSettings=null, commandListeners=[io.micrometer.core.instrument.binder.mongodb.MongoMetricsCommandListener@21516c88], codecRegistry=ProvidersCodecRegistry{codecProviders=[ValueCodecProvider{}, BsonValueCodecProvider{}, DBRefCodecProvider{}, DBObjectCodecProvider{}, DocumentCodecProvider{}, CollectionCodecProvider{}, IterableCodecProvider{}, MapCodecProvider{}, GeoJsonCodecProvider{}, GridFSFileCodecProvider{}, Jsr310CodecProvider{}, JsonObjectCodecProvider{}, BsonCodecProvider{}, EnumCodecProvider{}, com.mongodb.client.model.mql.ExpressionCodecProvider@1c7cd434, com.mongodb.Jep395RecordCodecProvider@13004dd8, com.mongodb.KotlinCodecProvider@4fc6e776]}, loggerSettings=LoggerSettings{maxDocumentLength=1000}, clusterSettings={hosts=[127.0.0.1:27017], srvHost=cluster0.i9xgd.mongodb.net, srvServiceName=mongodb, mode=MULTIPLE, requiredClusterType=REPLICA_SET, requiredReplicaSetName='atlas-n0fq1s-shard-0', serverSelector='null', clusterListeners='[]', serverSelectionTimeout='30000 ms', localThreshold='15 ms'}, socketSettings=SocketSettings{connectTimeoutMS=10000, readTimeoutMS=0, receiveBufferSize=0, proxySettings=ProxySettings{host=null, port=null, username=null, password=null}}, heartbeatSocketSettings=SocketSettings{connectTimeoutMS=10000, readTimeoutMS=10000, receiveBufferSize=0, proxySettings=ProxySettings{host=null, port=null, username=null, password=null}}, connectionPoolSettings=ConnectionPoolSettings{maxSize=100, minSize=0, maxWaitTimeMS=120000, maxConnectionLifeTimeMS=0, maxConnectionIdleTimeMS=0, maintenanceInitialDelayMS=0, maintenanceFrequencyMS=60000, connectionPoolListeners=[io.micrometer.core.instrument.binder.mongodb.MongoMetricsConnectionPoolListener@65d9e72a], maxConnecting=2}, serverSettings=ServerSettings{heartbeatFrequencyMS=10000, minHeartbeatFrequencyMS=500, serverListeners='[]', serverMonitorListeners='[]'}, sslSettings=SslSettings{enabled=true, invalidHostNameAllowed=false, context=null}, applicationName='Cluster0', compressorList=[], uuidRepresentation=JAVA_LEGACY, serverApi=null, autoEncryptionSettings=null, dnsClient=null, inetAddressResolver=null, contextProvider=null}    
23:06:04.405 [cluster-ClusterId{value='676af104d5b3394bad0873cb', description='Cluster0'}-srv-cluster0.i9xgd.mongodb.net] INFO  org.mongodb.driver.cluster ------ Adding discovered server cluster0-shard-00-00.i9xgd.mongodb.net:27017 to client view of cluster    
23:06:04.434 [cluster-ClusterId{value='676af104d5b3394bad0873cb', description='Cluster0'}-srv-cluster0.i9xgd.mongodb.net] INFO  org.mongodb.driver.cluster ------ Adding discovered server cluster0-shard-00-01.i9xgd.mongodb.net:27017 to client view of cluster    
23:06:04.437 [cluster-ClusterId{value='676af104d5b3394bad0873cb', description='Cluster0'}-srv-cluster0.i9xgd.mongodb.net] INFO  org.mongodb.driver.cluster ------ Adding discovered server cluster0-shard-00-02.i9xgd.mongodb.net:27017 to client view of cluster    
23:06:04.664 [main] INFO  org.mongodb.driver.cluster ------ Waiting for server to become available for operation with ID 7. Remaining time: 30000 ms. Selector: WritableServerSelector, topology description: {type=REPLICA_SET, servers=[{address=cluster0-shard-00-00.i9xgd.mongodb.net:27017, type=UNKNOWN, state=CONNECTING}, {address=cluster0-shard-00-02.i9xgd.mongodb.net:27017, type=UNKNOWN, state=CONNECTING}, {address=cluster0-shard-00-01.i9xgd.mongodb.net:27017, type=UNKNOWN, state=CONNECTING}].    
23:06:04.829 [cluster-ClusterId{value='676af104d5b3394bad0873cb', description='Cluster0'}-cluster0-shard-00-00.i9xgd.mongodb.net:27017] INFO  org.mongodb.driver.cluster ------ Monitor thread successfully connected to server with description ServerDescription{address=cluster0-shard-00-00.i9xgd.mongodb.net:27017, type=REPLICA_SET_SECONDARY, state=CONNECTED, ok=true, minWireVersion=0, maxWireVersion=25, maxDocumentSize=16777216, logicalSessionTimeoutMinutes=30, roundTripTimeNanos=213476200, setName='atlas-n0fq1s-shard-0', canonicalAddress=cluster0-shard-00-00.i9xgd.mongodb.net:27017, hosts=[cluster0-shard-00-02.i9xgd.mongodb.net:27017, cluster0-shard-00-00.i9xgd.mongodb.net:27017, cluster0-shard-00-01.i9xgd.mongodb.net:27017], passives=[], arbiters=[], primary='cluster0-shard-00-01.i9xgd.mongodb.net:27017', tagSet=TagSet{[Tag{name='availabilityZone', value='aps1-az1'}, Tag{name='diskState', value='READY'}, Tag{name='nodeType', value='ELECTABLE'}, Tag{name='provider', value='AWS'}, Tag{name='region', value='AP_SOUTH_1'}, Tag{name='workloadType', value='OPERATIONAL'}]}, electionId=null, setVersion=142, topologyVersion=TopologyVersion{processId=676a62f324b4ea886dc35c32, counter=5}, lastWriteDate=Tue Dec 24 23:06:02 IST 2024, lastUpdateTimeNanos=123441421724100}    
23:06:04.829 [cluster-ClusterId{value='676af104d5b3394bad0873cb', description='Cluster0'}-cluster0-shard-00-02.i9xgd.mongodb.net:27017] INFO  org.mongodb.driver.cluster ------ Monitor thread successfully connected to server with description ServerDescription{address=cluster0-shard-00-02.i9xgd.mongodb.net:27017, type=REPLICA_SET_SECONDARY, state=CONNECTED, ok=true, minWireVersion=0, maxWireVersion=25, maxDocumentSize=16777216, logicalSessionTimeoutMinutes=30, roundTripTimeNanos=222009200, setName='atlas-n0fq1s-shard-0', canonicalAddress=cluster0-shard-00-02.i9xgd.mongodb.net:27017, hosts=[cluster0-shard-00-02.i9xgd.mongodb.net:27017, cluster0-shard-00-00.i9xgd.mongodb.net:27017, cluster0-shard-00-01.i9xgd.mongodb.net:27017], passives=[], arbiters=[], primary='cluster0-shard-00-01.i9xgd.mongodb.net:27017', tagSet=TagSet{[Tag{name='availabilityZone', value='aps1-az2'}, Tag{name='diskState', value='READY'}, Tag{name='nodeType', value='ELECTABLE'}, Tag{name='provider', value='AWS'}, Tag{name='region', value='AP_SOUTH_1'}, Tag{name='workloadType', value='OPERATIONAL'}]}, electionId=null, setVersion=142, topologyVersion=TopologyVersion{processId=676a6446d6b474f2ea5eded8, counter=5}, lastWriteDate=Tue Dec 24 23:06:02 IST 2024, lastUpdateTimeNanos=123441421724100}    
23:06:04.829 [cluster-ClusterId{value='676af104d5b3394bad0873cb', description='Cluster0'}-cluster0-shard-00-01.i9xgd.mongodb.net:27017] INFO  org.mongodb.driver.cluster ------ Monitor thread successfully connected to server with description ServerDescription{address=cluster0-shard-00-01.i9xgd.mongodb.net:27017, type=REPLICA_SET_PRIMARY, state=CONNECTED, ok=true, minWireVersion=0, maxWireVersion=25, maxDocumentSize=16777216, logicalSessionTimeoutMinutes=30, roundTripTimeNanos=213680600, setName='atlas-n0fq1s-shard-0', canonicalAddress=cluster0-shard-00-01.i9xgd.mongodb.net:27017, hosts=[cluster0-shard-00-02.i9xgd.mongodb.net:27017, cluster0-shard-00-00.i9xgd.mongodb.net:27017, cluster0-shard-00-01.i9xgd.mongodb.net:27017], passives=[], arbiters=[], primary='cluster0-shard-00-01.i9xgd.mongodb.net:27017', tagSet=TagSet{[Tag{name='availabilityZone', value='aps1-az3'}, Tag{name='diskState', value='READY'}, Tag{name='nodeType', value='ELECTABLE'}, Tag{name='provider', value='AWS'}, Tag{name='region', value='AP_SOUTH_1'}, Tag{name='workloadType', value='OPERATIONAL'}]}, electionId=7fffffff0000000000000081, setVersion=142, topologyVersion=TopologyVersion{processId=676a6205e0fc1c01b1a8d835, counter=9}, lastWriteDate=Tue Dec 24 23:06:02 IST 2024, lastUpdateTimeNanos=123441421724200}    
23:06:04.832 [cluster-ClusterId{value='676af104d5b3394bad0873cb', description='Cluster0'}-cluster0-shard-00-01.i9xgd.mongodb.net:27017] INFO  org.mongodb.driver.cluster ------ Discovered replica set primary cluster0-shard-00-01.i9xgd.mongodb.net:27017 with max election id 7fffffff0000000000000081 and max set version 142    
23:06:05.392 [main] WARN  o.s.s.c.a.a.c.InitializeUserDetailsBeanManagerConfigurer$InitializeUserDetailsManagerConfigurer ------ Global AuthenticationManager configured with an AuthenticationProvider bean. UserDetailsService beans will not be used for username/password login. Consider removing the AuthenticationProvider bean. Alternatively, consider using the UserDetailsService in a manually instantiated DaoAuthenticationProvider.    
23:06:05.696 [main] INFO  o.s.b.a.e.web.EndpointLinksResolver ------ Exposing 1 endpoint beneath base path '/actuator'    
23:06:06.042 [main] INFO  c.a.j.JournalappApplicationTests ------ Started JournalappApplicationTests in 3.211 seconds (process running for 4.175)    
]]></system-out>
  </testcase>
</testsuite>